<?xml version="1.0" encoding="UTF-8"?>
<testsuite name="insertionSort.AppTest" tests="4" skipped="0" failures="0" errors="0" timestamp="2021-08-31T11:16:21" hostname="IBA-LENOVO" time="0.02">
  <properties/>
  <testcase name="insertionSort1()" classname="insertionSort.AppTest" time="0.017"/>
  <testcase name="insertionSort2()" classname="insertionSort.AppTest" time="0.0"/>
  <testcase name="mergeSort1()" classname="insertionSort.AppTest" time="0.0"/>
  <testcase name="mergeSort2()" classname="insertionSort.AppTest" time="0.0"/>
  <system-out><![CDATA[]]></system-out>
  <system-err><![CDATA[]]></system-err>
</testsuite>
