<?xml version="1.0" encoding="UTF-8"?>
<testsuite name="stackAndQueue.AppTest" tests="2" skipped="0" failures="0" errors="0" timestamp="2021-08-08T19:30:49" hostname="IBA-LENOVO" time="0.025">
  <properties/>
  <testcase name="testPseudoQueue2()" classname="stackAndQueue.AppTest" time="0.024"/>
  <testcase name="testPseudoQueue()" classname="stackAndQueue.AppTest" time="0.0"/>
  <system-out><![CDATA[]]></system-out>
  <system-err><![CDATA[]]></system-err>
</testsuite>
